Build started 8/3/2017 3:02:04 PM.
     1>Project "C:\Users\monua\Desktop\file sorting\File Sorting v3.2\File Sorting v1\File Sorting v1.vcxproj" on node 2 (build target(s)).
     1>InitializeBuildStatus:
         Creating "Debug\File Sorting v3.2.unsuccessfulbuild" because "AlwaysCreate" was specified.
       ClCompile:
         C:\Program Files (x86)\Microsoft Visual Studio 10.0\VC\bin\CL.exe /c /ZI /nologo /W3 /WX- /Od /Oy- /D _MBCS /Gm /EHsc /RTC1 /MDd /GS /fp:precise /Zc:wchar_t /Zc:forScope /Fo"Debug\\" /Fd"Debug\vc100.pdb" /Gd /TP /analyze- /errorReport:prompt "Main Code.cpp"
         Main Code.cpp
     1>c:\users\monua\desktop\file sorting\file sorting v3.2\file sorting v1\main code.cpp(56): warning C4996: 'getch': The POSIX name for this item is deprecated. Instead, use the ISO C++ conformant name: _getch. See online help for details.
                 c:\program files (x86)\microsoft visual studio 10.0\vc\include\conio.h(128) : see declaration of 'getch'
     1>c:\users\monua\desktop\file sorting\file sorting v3.2\file sorting v1\main code.cpp(211): warning C4996: 'fopen': This function or variable may be unsafe. Consider using fopen_s instead. To disable deprecation, use _CRT_SECURE_NO_WARNINGS. See online help for details.
                 c:\program files (x86)\microsoft visual studio 10.0\vc\include\stdio.h(234) : see declaration of 'fopen'
     1>c:\users\monua\desktop\file sorting\file sorting v3.2\file sorting v1\main code.cpp(215): warning C4996: 'fscanf': This function or variable may be unsafe. Consider using fscanf_s instead. To disable deprecation, use _CRT_SECURE_NO_WARNINGS. See online help for details.
                 c:\program files (x86)\microsoft visual studio 10.0\vc\include\stdio.h(253) : see declaration of 'fscanf'
     1>c:\users\monua\desktop\file sorting\file sorting v3.2\file sorting v1\main code.cpp(210): warning C4101: 'j' : unreferenced local variable
     1>c:\users\monua\desktop\file sorting\file sorting v3.2\file sorting v1\main code.cpp(237): warning C4996: 'fopen': This function or variable may be unsafe. Consider using fopen_s instead. To disable deprecation, use _CRT_SECURE_NO_WARNINGS. See online help for details.
                 c:\program files (x86)\microsoft visual studio 10.0\vc\include\stdio.h(234) : see declaration of 'fopen'
       Link:
         C:\Program Files (x86)\Microsoft Visual Studio 10.0\VC\bin\link.exe /ERRORREPORT:PROMPT /OUT:"C:\Users\monua\Desktop\file sorting\File Sorting v3.2\Debug\File Sorting v3.2.exe" /NOLOGO kernel32.lib user32.lib gdi32.lib winspool.lib comdlg32.lib advapi32.lib shell32.lib ole32.lib oleaut32.lib uuid.lib odbc32.lib odbccp32.lib /MANIFEST /ManifestFile:"Debug\File Sorting v3.2.exe.intermediate.manifest" /MANIFESTUAC:"level='asInvoker' uiAccess='false'" /DEBUG /PDB:"C:\Users\monua\Desktop\file sorting\File Sorting v3.2\Debug\File Sorting v3.2.pdb" /TLBID:1 /DYNAMICBASE /NXCOMPAT /IMPLIB:"C:\Users\monua\Desktop\file sorting\File Sorting v3.2\Debug\File Sorting v3.2.lib" /MACHINE:X86 "Debug\Main Code.obj"
         LINK : C:\Users\monua\Desktop\file sorting\File Sorting v3.2\Debug\File Sorting v3.2.exe not found or not built by the last incremental link; performing full link
         File Sorting v1.vcxproj -> C:\Users\monua\Desktop\file sorting\File Sorting v3.2\Debug\File Sorting v3.2.exe
       Manifest:
         C:\Program Files (x86)\Microsoft SDKs\Windows\v7.0A\bin\mt.exe /nologo /verbose /outputresource:"C:\Users\monua\Desktop\file sorting\File Sorting v3.2\Debug\File Sorting v3.2.exe;#1" /manifest "Debug\File Sorting v3.2.exe.intermediate.manifest"
       FinalizeBuildStatus:
         Deleting file "Debug\File Sorting v3.2.unsuccessfulbuild".
         Touching "Debug\File Sorting v3.2.lastbuildstate".
     1>Done Building Project "C:\Users\monua\Desktop\file sorting\File Sorting v3.2\File Sorting v1\File Sorting v1.vcxproj" (build target(s)).

Build succeeded.

Time Elapsed 00:00:01.53
